[2026-01-02T19:46:39.918] [DEBUG] debug-file - Incremental task entry:default@ProcessResource pre-execution cost: 2 ms .
[2026-01-02T19:46:39.918] [DEBUG] debug-file - entry : default@ProcessResource cost memory 0.13614654541015625
[2026-01-02T19:46:39.920] [INFO] debug-file - UP-TO-DATE :entry:default@ProcessResource...  
[2026-01-02T19:46:39.923] [DEBUG] debug-file - Executing task :entry:default@GenerateLoaderJson
[2026-01-02T19:46:39.923] [DEBUG] debug-file - Task 'entry:default@GenerateLoaderJson' cost while wrapping incremental declarations: 1 ms 
[2026-01-02T19:46:39.934] [DEBUG] debug-file - Incremental task entry:default@GenerateLoaderJson pre-execution cost: 7 ms .
[2026-01-02T19:46:39.934] [DEBUG] debug-file - entry : default@GenerateLoaderJson cost memory -1.1766281127929688
[2026-01-02T19:46:39.938] [INFO] debug-file - UP-TO-DATE :entry:default@GenerateLoaderJson...  
[2026-01-02T19:46:39.940] [DEBUG] debug-file - Executing task :entry:default@ProcessLibs
[2026-01-02T19:46:39.943] [DEBUG] debug-file - Incremental task entry:default@ProcessLibs pre-execution cost: 3 ms .
[2026-01-02T19:46:39.944] [DEBUG] debug-file - entry : default@ProcessLibs cost memory 0.3453369140625
[2026-01-02T19:46:39.944] [INFO] debug-file - UP-TO-DATE :entry:default@ProcessLibs...  
[2026-01-02T19:46:39.945] [DEBUG] debug-file - restool module names: entry; moduleName=entry, taskName=default@CompileResource
[2026-01-02T19:46:39.946] [DEBUG] debug-file - Executing task :entry:default@CompileResource
[2026-01-02T19:46:39.983] [DEBUG] debug-file - Incremental task entry:default@CompileResource pre-execution cost: 35 ms .
[2026-01-02T19:46:39.983] [DEBUG] debug-file - entry : default@CompileResource cost memory 0.7928314208984375
[2026-01-02T19:46:39.987] [INFO] debug-file - UP-TO-DATE :entry:default@CompileResource...  
[2026-01-02T19:46:39.989] [DEBUG] debug-file - Executing task :entry:default@DoNativeStrip
[2026-01-02T19:46:39.989] [DEBUG] debug-file - Task 'entry:default@DoNativeStrip' cost while wrapping incremental declarations: 1 ms 
[2026-01-02T19:46:39.992] [DEBUG] debug-file - Incremental task entry:default@DoNativeStrip pre-execution cost: 3 ms .
[2026-01-02T19:46:39.992] [DEBUG] debug-file - entry : default@DoNativeStrip cost memory 0.0811614990234375
[2026-01-02T19:46:39.992] [INFO] debug-file - UP-TO-DATE :entry:default@DoNativeStrip...  
[2026-01-02T19:46:39.996] [DEBUG] debug-file - Executing task :entry:default@CompileArkTS
[2026-01-02T19:46:39.996] [DEBUG] debug-file - obfuscationOptions: undefined
[2026-01-02T19:46:40.023] [DEBUG] debug-file - entry:default@CompileArkTS is not up-to-date, since the input file 'D:\OpenHarmony\DevEcoProject\WaterFlow\entry\src\main\ets' has been changed.
[2026-01-02T19:46:40.023] [DEBUG] debug-file - Incremental task entry:default@CompileArkTS pre-execution cost: 21 ms .
[2026-01-02T19:46:40.040] [DEBUG] debug-file - build config:
[2026-01-02T19:46:40.040] [DEBUG] debug-file - {
  moduleType: 'entry',
  perf: 0,
  targetName: '.default',
  packageManagerType: 'ohpm',
  localPropertiesPath: 'D:\\OpenHarmony\\DevEcoProject\\WaterFlow\\local.properties',
  isPreview: false,
  isOhosTest: false,
  isLocalTest: false,
  buildMode: 'Debug',
  hotReloadBuild: undefined,
  watchMode: 'false',
  aceProfilePath: 'D:\\OpenHarmony\\DevEcoProject\\WaterFlow\\entry\\build\\default\\intermediates\\res\\default\\resources\\base\\profile',
  etsLoaderPath: 'D:\\OpenHarmony\\DevEco Studio\\sdk\\default\\openharmony\\ets\\build-tools\\ets-loader',
  modulePath: 'D:\\OpenHarmony\\DevEcoProject\\WaterFlow\\entry',
  testFrameworkPar: {
    testMode: undefined,
    coveragePathFilter: undefined,
    coverageMode: undefined
  },
  needCoverageInsert: false,
  debugLine: false,
  projectTopDir: 'D:\\OpenHarmony\\DevEcoProject\\WaterFlow',
  compileSdkVersion: 20,
  compatibleSdkVersion: 20,
  compatibleSdkVersionStage: undefined,
  bundleName: 'c***w',
  etsLoaderVersion: '6.0.0.47',
  etsLoaderReleaseType: 'Release',
  aotCompileMode: 'type',
  apPath: 'D:\\OpenHarmony\\DevEcoProject\\WaterFlow\\entry\\modules.ap',
  entryModuleName: 'entry',
  entryModuleVersion: '1.0.0',
  entryPackageName: 'entry',
  allModuleNameHash: '327a811a52500ec2032e5a9c22b51856',
  externalApiPaths: [ 'D:\\OpenHarmony\\DevEco Studio\\sdk\\default\\hms\\ets' ],
  compilerTypes: [],
  isCrossplatform: false,
  hvigorPluginFile: undefined,
  compilePluginPath: undefined,
  buildGeneratedProfilePath: 'D:\\OpenHarmony\\DevEcoProject\\WaterFlow\\entry\\build\\default\\generated\\profile\\default',
  bundleType: 'app',
  arkTSVersion: undefined,
  apiVersion: 20,
  needCompleteSourcesMap: false,
  isFaMode: false,
  strictMode: undefined,
  buildDir: 'D:\\OpenHarmony\\DevEcoProject\\WaterFlow\\entry\\build',
  deviceTypes: [ 'phone' ],
  useNormalizedOHMUrl: false,
  pkgContextInfo: undefined,
  ohPackagePathMap: {},
  dependencyAliasMap: {},
  permission: { requestPermissions: undefined, definePermissions: undefined },
  integratedHsp: false,
  projectArkOption: undefined,
  sourceMapDir: undefined,
  branchElimination: false,
  transformLib: undefined,
  caseSensitiveCheck: false,
  tsImportSendable: false,
  resolveConflictMode: true,
  depName2RootPath: {},
  depName2DepInfo: {},
  rootPathSet: [ 'D:\\OpenHarmony\\DevEcoProject\\WaterFlow' ],
  useNativeResolver: true,
  shouldEmitJs: true,
  useTscResolve: false,
  singleFileEmit: false,
  userProjectConfig: {
    autoLazyImport: false,
    allowEmptyBundleName: false,
    reExportCheckMode: 'noCheck',
    executionMode: 'memory',
    usePathPlaceholder: false,
    writeRollupCache: true,
    isExpandImportEnabled: false,
    expandImportExclude: '',
    ignoreCrossplatformCheck: false,
    isPreloadSoEnabled: false
  },
  skipOhModulesLint: false,
  executionMode: 'memory',
  autoLazyImport: false,
  allowEmptyBundleName: false,
  reExportCheckMode: 'noCheck',
  usePathPlaceholder: false,
  writeRollupCache: true,
  isExpandImportEnabled: false,
  expandImportExclude: '',
  ignoreCrossplatformCheck: false,
  isPreloadSoEnabled: false,
  arkCompileCachePath: 'D:\\OpenHarmony\\DevEcoProject\\WaterFlow\\entry\\build\\default\\cache\\default\\default@CompileArkTS\\esmodule',
  aceModuleJsonPath: 'D:\\OpenHarmony\\DevEcoProject\\WaterFlow\\entry\\build\\default\\intermediates\\res\\default\\ark_module.json',
  appResource: 'D:\\OpenHarmony\\DevEcoProject\\WaterFlow\\entry\\build\\default\\intermediates\\res\\default\\ResourceTable.txt',
  rawFileResource: 'D:\\OpenHarmony\\DevEcoProject\\WaterFlow\\entry\\build\\default\\intermediates\\res\\default\\resources\\rawfile',
  resourceTableHash: '7d05e899cc00390fba611bf0b58a91e5',
  runtimeOS: 'HarmonyOS',
  sdkInfo: 'false:20:6.0.0.47:Release',
  aceModuleRoot: 'D:\\OpenHarmony\\DevEcoProject\\WaterFlow\\entry\\src\\main\\ets',
  compileMode: 'esmodule',
  aceSuperVisualPath: 'D:\\OpenHarmony\\DevEcoProject\\WaterFlow\\entry\\src\\main\\supervisual',
  aceBuildJson: 'D:\\OpenHarmony\\DevEcoProject\\WaterFlow\\entry\\build\\default\\intermediates\\loader\\default\\loader.json',
  cachePath: 'D:\\OpenHarmony\\DevEcoProject\\WaterFlow\\entry\\build\\default\\cache\\default\\default@CompileArkTS\\esmodule\\debug',
  aceModuleBuild: 'D:\\OpenHarmony\\DevEcoProject\\WaterFlow\\entry\\build\\default\\intermediates\\loader_out\\default\\ets',
  supportChunks: true,
  declaredFilesPath: undefined,
  shouldCollectDirectImportees: false,
  isByteCodeHarOptimize: false,
  expandImportPath: undefined,
  pkgNameToPkgBriefInfo: {
    entry: {
      pkgRoot: 'D:\\OpenHarmony\\DevEcoProject\\WaterFlow\\entry',
      originalSourceRoots: undefined,
      sourceRoots: [Array],
      pkgName: 'entry'
    }
  },
  projectModel: {
    'D:\\OpenHarmony\\DevEcoProject\\WaterFlow\\entry\\src\\main': {
      moduleName: 'entry',
      modulePkgPath: 'D:\\OpenHarmony\\DevEcoProject\\WaterFlow\\entry',
      belongProjectPath: 'D:\\OpenHarmony\\DevEcoProject\\WaterFlow'
    },
    'D:\\OpenHarmony\\DevEcoProject\\WaterFlow\\entry': {
      moduleName: 'entry',
      modulePkgPath: 'D:\\OpenHarmony\\DevEcoProject\\WaterFlow\\entry',
      belongProjectPath: 'D:\\OpenHarmony\\DevEcoProject\\WaterFlow'
    },
    'D:\\OpenHarmony\\DevEcoProject\\WaterFlow': {
      moduleName: 'WaterFlow',
      modulePkgPath: 'D:\\OpenHarmony\\DevEcoProject\\WaterFlow',
      belongProjectPath: 'D:\\OpenHarmony\\DevEcoProject\\WaterFlow'
    }
  },
  pkgJsonFileHash: '5bdc7347b290bb1af6d852555a20dd5c',
  allModulePaths: [ 'D:\\OpenHarmony\\DevEcoProject\\WaterFlow\\entry' ],
  routerMap: {},
  obfuscationOptions: undefined,
  byteCodeHarToDependencyKeys: undefined,
  compileBlockPkg: [],
  mockParams: {
    decorator: '@MockSetup',
    packageName: '@ohos/hamock',
    etsSourceRootPath: 'src/main/ets',
    mockConfigPath: undefined,
    mockConfigKey2ModuleInfo: {},
    source2ModuleIdMap: {}
  },
  copyCodeResourceEnable: true,
  copyCodeResourceExcludes: [],
  copyCodeResourceIncludes: undefined,
  uiTransformOptimization: false,
  sdkPath: 'D:/OpenHarmony/DevEco Studio/sdk',
  needPreloadSoFileSet: {},
  preloadSoFilePath: 'D:\\OpenHarmony\\DevEcoProject\\WaterFlow\\entry\\build\\default\\intermediates\\preload\\default\\preload.json',
  useSourceHash: false,
  localModuleParamMap: {},
  otherPaths: {
    'entry/*': [
      '..\\*',
      '..\\..\\..\\build\\default\\generated\\profile\\default\\*'
    ]
  },
  collectImportersConfig: undefined
}
[2026-01-02T19:46:40.041] [DEBUG] debug-file - Compile arkts with external api path: D:\OpenHarmony\DevEco Studio\sdk\default\hms\ets
[2026-01-02T19:46:40.043] [DEBUG] debug-file - default@CompileArkTS work[24] is submitted.
[2026-01-02T19:46:40.043] [DEBUG] debug-file - default@CompileArkTS work[24] is pushed to ready queue.
[2026-01-02T19:46:40.043] [DEBUG] debug-file - A work dispatched to worker[31] failed because unable to get work from ready queue.
[2026-01-02T19:46:40.043] [DEBUG] debug-file - A work dispatched to worker[30] failed because unable to get work from ready queue.
[2026-01-02T19:46:40.043] [DEBUG] debug-file - A work dispatched to worker[29] failed because unable to get work from ready queue.
[2026-01-02T19:46:40.043] [DEBUG] debug-file - A work dispatched to worker[28] failed because unable to get work from ready queue.
[2026-01-02T19:46:40.043] [DEBUG] debug-file - A work dispatched to worker[27] failed because unable to get work from ready queue.
[2026-01-02T19:46:40.043] [DEBUG] debug-file - A work dispatched to worker[26] failed because unable to get work from ready queue.
[2026-01-02T19:46:40.043] [DEBUG] debug-file - A work dispatched to worker[25] failed because unable to get work from ready queue.
[2026-01-02T19:46:40.043] [DEBUG] debug-file - A work dispatched to worker[24] failed because unable to get work from ready queue.
[2026-01-02T19:46:40.043] [DEBUG] debug-file - A work dispatched to worker[23] failed because unable to get work from ready queue.
[2026-01-02T19:46:40.043] [DEBUG] debug-file - A work dispatched to worker[22] failed because unable to get work from ready queue.
[2026-01-02T19:46:40.043] [DEBUG] debug-file - A work dispatched to worker[21] failed because unable to get work from ready queue.
[2026-01-02T19:46:40.043] [DEBUG] debug-file - A work dispatched to worker[20] failed because unable to get work from ready queue.
[2026-01-02T19:46:40.044] [DEBUG] debug-file - A work dispatched to worker[19] failed because unable to get work from ready queue.
[2026-01-02T19:46:40.044] [DEBUG] debug-file - A work dispatched to worker[18] failed because unable to get work from ready queue.
[2026-01-02T19:46:40.044] [DEBUG] debug-file - A work dispatched to worker[17] failed because unable to get work from ready queue.
[2026-01-02T19:46:40.044] [DEBUG] debug-file - A work dispatched to worker[16] failed because unable to get work from ready queue.
[2026-01-02T19:46:40.044] [DEBUG] debug-file - A work dispatched to worker[15] failed because unable to get work from ready queue.
[2026-01-02T19:46:40.044] [DEBUG] debug-file - A work dispatched to worker[14] failed because unable to get work from ready queue.
[2026-01-02T19:46:40.044] [DEBUG] debug-file - A work dispatched to worker[13] failed because unable to get work from ready queue.
[2026-01-02T19:46:40.044] [DEBUG] debug-file - A work dispatched to worker[12] failed because unable to get work from ready queue.
[2026-01-02T19:46:40.044] [DEBUG] debug-file - A work dispatched to worker[11] failed because unable to get work from ready queue.
[2026-01-02T19:46:40.044] [DEBUG] debug-file - A work dispatched to worker[10] failed because unable to get work from ready queue.
[2026-01-02T19:46:40.044] [DEBUG] debug-file - A work dispatched to worker[9] failed because unable to get work from ready queue.
[2026-01-02T19:46:40.045] [DEBUG] debug-file - A work dispatched to worker[8] failed because unable to get work from ready queue.
[2026-01-02T19:46:40.045] [DEBUG] debug-file - A work dispatched to worker[7] failed because unable to get work from ready queue.
[2026-01-02T19:46:40.045] [DEBUG] debug-file - A work dispatched to worker[6] failed because unable to get work from ready queue.
[2026-01-02T19:46:40.045] [DEBUG] debug-file - A work dispatched to worker[5] failed because unable to get work from ready queue.
[2026-01-02T19:46:40.046] [DEBUG] debug-file - default@CompileArkTS work[24] has been dispatched to worker[4].
[2026-01-02T19:46:40.047] [DEBUG] debug-file - default@CompileArkTS work[24] is dispatched.
[2026-01-02T19:46:40.047] [DEBUG] debug-file - CopyResources startTime: 30117751237400
[2026-01-02T19:46:40.047] [DEBUG] debug-file - default@CompileArkTS work[25] is submitted.
[2026-01-02T19:46:40.047] [DEBUG] debug-file - default@CompileArkTS work[25] is pushed to ready queue.
[2026-01-02T19:46:40.047] [DEBUG] debug-file - A work dispatched to worker[31] failed because unable to get work from ready queue.
[2026-01-02T19:46:40.047] [DEBUG] debug-file - Create  resident worker with id: 30.
[2026-01-02T19:46:40.053] [DEBUG] debug-file - default@CompileArkTS work[25] has been dispatched to worker[30].
[2026-01-02T19:46:40.054] [DEBUG] debug-file - default@CompileArkTS work[25] is dispatched.
[2026-01-02T19:46:40.054] [DEBUG] debug-file - entry : default@CompileArkTS cost memory 1.7131576538085938
[2026-01-02T19:46:40.057] [DEBUG] debug-file - Executing task :entry:default@BuildJS
[2026-01-02T19:46:40.065] [DEBUG] debug-file - entry : default@BuildJS cost memory 0.117431640625
[2026-01-02T19:46:40.065] [DEBUG] debug-file - runTaskFromQueue task cost before running: 760 ms 
[2026-01-02T19:46:40.065] [INFO] debug-file - Finished :entry:default@BuildJS... after 8 ms 
[2026-01-02T19:46:40.068] [DEBUG] debug-file - Executing task :entry:default@CacheNativeLibs
[2026-01-02T19:46:40.069] [DEBUG] debug-file - Task 'entry:default@CacheNativeLibs' cost while wrapping incremental declarations: 1 ms 
[2026-01-02T19:46:40.072] [DEBUG] debug-file - Incremental task entry:default@CacheNativeLibs pre-execution cost: 4 ms .
[2026-01-02T19:46:40.073] [DEBUG] debug-file - entry : default@CacheNativeLibs cost memory 0.09534454345703125
[2026-01-02T19:46:40.074] [INFO] debug-file - UP-TO-DATE :entry:default@CacheNativeLibs...  
[2026-01-02T19:46:41.689] [DEBUG] debug-file - worker[30] has one work done.
[2026-01-02T19:46:41.689] [DEBUG] debug-file - CopyResources is end, endTime: 30119393786200
[2026-01-02T19:46:41.689] [DEBUG] debug-file - default@CompileArkTS work[25] done.
[2026-01-02T19:46:41.689] [DEBUG] debug-file - A work dispatched to worker[30] failed because unable to get work from ready queue.
[2026-01-02T19:46:43.070] [DEBUG] debug-file - worker[4] has one work done.
[2026-01-02T19:46:43.072] [DEBUG] debug-file - default@CompileArkTS work[24] done.
[2026-01-02T19:46:43.072] [DEBUG] debug-file - A work dispatched to worker[4] failed because unable to get work from ready queue.
[2026-01-02T19:46:43.074] [INFO] debug-file - Finished :entry:default@CompileArkTS... after 3 s 16 ms 
[2026-01-02T19:46:43.075] [DEBUG] debug-file - Executing task :entry:default@GeneratePkgModuleJson
[2026-01-02T19:46:43.075] [DEBUG] debug-file - File: 'D:\OpenHarmony\DevEcoProject\WaterFlow\entry\build\default\intermediates\preload\default\preload.json' from 'preloadSoJsonPath' is not exists, just ignore.
[2026-01-02T19:46:43.076] [DEBUG] debug-file - Task 'entry:default@GeneratePkgModuleJson' cost while wrapping incremental declarations: 1 ms 
[2026-01-02T19:46:43.078] [DEBUG] debug-file - Incremental task entry:default@GeneratePkgModuleJson pre-execution cost: 3 ms .
[2026-01-02T19:46:43.078] [DEBUG] debug-file - entry : default@GeneratePkgModuleJson cost memory 0.09449005126953125
[2026-01-02T19:46:43.078] [INFO] debug-file - UP-TO-DATE :entry:default@GeneratePkgModuleJson...  
[2026-01-02T19:46:43.079] [DEBUG] debug-file - Executing task :entry:default@ProcessCompiledResources
[2026-01-02T19:46:43.079] [DEBUG] debug-file - File: 'D:\OpenHarmony\DevEcoProject\WaterFlow\entry\build\default\intermediates\preload\default\preload.json' from 'preloadSoJsonPath' is not exists, just ignore.
[2026-01-02T19:46:43.079] [DEBUG] debug-file - Task 'entry:default@ProcessCompiledResources' cost while wrapping incremental declarations: 1 ms 
[2026-01-02T19:46:43.080] [DEBUG] debug-file - entry : default@ProcessCompiledResources cost memory 0.25629425048828125
[2026-01-02T19:46:43.080] [DEBUG] debug-file - runTaskFromQueue task cost before running: 3 s 775 ms 
[2026-01-02T19:46:43.080] [INFO] debug-file - Finished :entry:default@ProcessCompiledResources... after 2 ms 
[2026-01-02T19:46:43.082] [DEBUG] debug-file - Executing task :entry:default@PackageHap
[2026-01-02T19:46:43.098] [DEBUG] debug-file - entry:default@PackageHap is not up-to-date, since the input file 'D:\OpenHarmony\DevEcoProject\WaterFlow\entry\build\default\intermediates\loader_out\default\ets' has been changed.
[2026-01-02T19:46:43.098] [DEBUG] debug-file - Incremental task entry:default@PackageHap pre-execution cost: 15 ms .
[2026-01-02T19:46:43.100] [DEBUG] debug-file - Use tool [D:\OpenHarmony\DevEco Studio\sdk\default\openharmony\toolchains\lib\app_packing_tool.jar]
 [
  'java',
  '-Dfile.encoding=GBK',
  '-jar',
  'D:\\OpenHarmony\\DevEco Studio\\sdk\\default\\openharmony\\toolchains\\lib\\app_packing_tool.jar',
  '--mode',
  'hap',
  '--force',
  'true',
  '--lib-path',
  'D:\\OpenHarmony\\DevEcoProject\\WaterFlow\\entry\\build\\default\\intermediates\\stripped_native_libs\\default',
  '--json-path',
  'D:\\OpenHarmony\\DevEcoProject\\WaterFlow\\entry\\build\\default\\intermediates\\package\\default\\module.json',
  '--resources-path',
  'D:\\OpenHarmony\\DevEcoProject\\WaterFlow\\entry\\build\\default\\intermediates\\res\\default\\resources',
  '--index-path',
  'D:\\OpenHarmony\\DevEcoProject\\WaterFlow\\entry\\build\\default\\intermediates\\res\\default\\resources.index',
  '--pack-info-path',
  'D:\\OpenHarmony\\DevEcoProject\\WaterFlow\\entry\\build\\default\\outputs\\default\\pack.info',
  '--out-path',
  'D:\\OpenHarmony\\DevEcoProject\\WaterFlow\\entry\\build\\default\\outputs\\default\\entry-default-unsigned.hap',
  '--ets-path',
  'D:\\OpenHarmony\\DevEcoProject\\WaterFlow\\entry\\build\\default\\intermediates\\loader_out\\default\\ets'
]
[2026-01-02T19:46:43.692] [DEBUG] debug-file - java daemon socket received message:{"code":0,"message":"pack success"}
[2026-01-02T19:46:43.700] [DEBUG] debug-file - entry : default@PackageHap cost memory 0.7568511962890625
[2026-01-02T19:46:43.700] [DEBUG] debug-file - runTaskFromQueue task cost before running: 4 s 395 ms 
[2026-01-02T19:46:43.702] [INFO] debug-file - Finished :entry:default@PackageHap... after 618 ms 
[2026-01-02T19:46:43.704] [DEBUG] debug-file - Executing task :entry:default@PackingCheck
[2026-01-02T19:46:43.719] [DEBUG] debug-file - entry : default@PackingCheck cost memory -1.0258102416992188
[2026-01-02T19:46:43.719] [DEBUG] debug-file - runTaskFromQueue task cost before running: 4 s 414 ms 
[2026-01-02T19:46:43.719] [INFO] debug-file - Finished :entry:default@PackingCheck... after 15 ms 
[2026-01-02T19:46:43.722] [DEBUG] debug-file - Executing task :entry:default@SignHap
[2026-01-02T19:46:43.722] [WARN] debug-file - Will skip sign 'hos_hap'. No signingConfigs profile is configured in current project.
             If needed, configure the signingConfigs in D:\OpenHarmony\DevEcoProject\WaterFlow\build-profile.json5.
[2026-01-02T19:46:43.724] [DEBUG] debug-file - entry:default@SignHap is not up-to-date, since the input file 'D:\OpenHarmony\DevEcoProject\WaterFlow\entry\build\default\outputs\default\entry-default-unsigned.hap' has been changed.
[2026-01-02T19:46:43.725] [DEBUG] debug-file - Incremental task entry:default@SignHap pre-execution cost: 2 ms .
[2026-01-02T19:46:43.725] [DEBUG] debug-file - entry : default@SignHap cost memory 0.09670257568359375
[2026-01-02T19:46:43.725] [DEBUG] debug-file - runTaskFromQueue task cost before running: 4 s 420 ms 
[2026-01-02T19:46:43.726] [INFO] debug-file - Finished :entry:default@SignHap... after 4 ms 
[2026-01-02T19:46:43.728] [DEBUG] debug-file - Executing task :entry:default@CollectDebugSymbol
[2026-01-02T19:46:43.730] [DEBUG] debug-file - entry : default@CollectDebugSymbol cost memory 0.092498779296875
[2026-01-02T19:46:43.731] [DEBUG] debug-file - runTaskFromQueue task cost before running: 4 s 425 ms 
[2026-01-02T19:46:43.731] [INFO] debug-file - Finished :entry:default@CollectDebugSymbol... after 3 ms 
[2026-01-02T19:46:43.731] [DEBUG] debug-file - Executing task :entry:assembleHap
[2026-01-02T19:46:43.731] [DEBUG] debug-file - entry : assembleHap cost memory 0.0136871337890625
[2026-01-02T19:46:43.732] [DEBUG] debug-file - runTaskFromQueue task cost before running: 4 s 426 ms 
[2026-01-02T19:46:43.732] [INFO] debug-file - Finished :entry:assembleHap... after 1 ms 
[2026-01-02T19:46:43.747] [INFO] debug-file - BUILD SUCCESSFUL in 4 s 442 ms 
[2026-01-02T19:46:43.748] [DEBUG] debug-file - There is no need to refresh cache, since the incremental task entry:default@PreBuild is up-to-date.
[2026-01-02T19:46:43.748] [DEBUG] debug-file - Update task entry:default@CreateModuleInfo output file:D:\OpenHarmony\DevEcoProject\WaterFlow\entry\build\default\generated\profile\default\ModuleInfo.ts cache.
[2026-01-02T19:46:43.749] [DEBUG] debug-file - Incremental task entry:default@CreateModuleInfo post-execution cost:1 ms .
[2026-01-02T19:46:43.749] [DEBUG] debug-file - There is no need to refresh cache, since the incremental task entry:default@GenerateMetadata is up-to-date.
[2026-01-02T19:46:43.749] [DEBUG] debug-file - There is no need to refresh cache, since the incremental task entry:default@MergeProfile is up-to-date.
[2026-01-02T19:46:43.749] [DEBUG] debug-file - There is no need to refresh cache, since the incremental task entry:default@CreateBuildProfile is up-to-date.
[2026-01-02T19:46:43.749] [DEBUG] debug-file - Update task entry:default@GeneratePkgContextInfo output file:D:\OpenHarmony\DevEcoProject\WaterFlow\entry\build\default\intermediates\loader\default\pkgContextInfo.json cache.
[2026-01-02T19:46:43.750] [DEBUG] debug-file - Incremental task entry:default@GeneratePkgContextInfo post-execution cost:1 ms .
[2026-01-02T19:46:43.750] [DEBUG] debug-file - Update task entry:default@ProcessIntegratedHsp output file:D:\OpenHarmony\DevEcoProject\WaterFlow\build\cache\default\integrated_hsp\integratedHspCache.json cache.
[2026-01-02T19:46:43.751] [DEBUG] debug-file - Incremental task entry:default@ProcessIntegratedHsp post-execution cost:1 ms .
[2026-01-02T19:46:43.751] [DEBUG] debug-file - There is no need to refresh cache, since the incremental task entry:default@MakePackInfo is up-to-date.
[2026-01-02T19:46:43.751] [DEBUG] debug-file - Update task entry:default@SyscapTransform input file:D:\OpenHarmony\DevEco Studio\sdk\default\openharmony\toolchains\syscap_tool.exe cache by regenerate.
[2026-01-02T19:46:43.751] [DEBUG] debug-file - Update task entry:default@SyscapTransform input file:D:\OpenHarmony\DevEco Studio\sdk\default\openharmony\ets\api\device-define cache by regenerate.
[2026-01-02T19:46:43.754] [DEBUG] debug-file - Update task entry:default@SyscapTransform output file:D:\OpenHarmony\DevEcoProject\WaterFlow\entry\build\default\intermediates\syscap\default\rpcid.sc cache.
[2026-01-02T19:46:43.755] [DEBUG] debug-file - Incremental task entry:default@SyscapTransform post-execution cost:4 ms .
[2026-01-02T19:46:43.755] [DEBUG] debug-file - There is no need to refresh cache, since the incremental task entry:default@ProcessProfile is up-to-date.
[2026-01-02T19:46:43.755] [DEBUG] debug-file - There is no need to refresh cache, since the incremental task entry:default@ProcessRouterMap is up-to-date.
[2026-01-02T19:46:43.755] [DEBUG] debug-file - There is no need to refresh cache, since the incremental task entry:default@ProcessShareConfig is up-to-date.
[2026-01-02T19:46:43.755] [DEBUG] debug-file - Update task entry:default@ProcessStartupConfig output file:D:\OpenHarmony\DevEcoProject\WaterFlow\entry\build\default\intermediates\startup\default\startup_config.json cache.
[2026-01-02T19:46:43.755] [DEBUG] debug-file - Incremental task entry:default@ProcessStartupConfig post-execution cost:1 ms .
[2026-01-02T19:46:43.756] [DEBUG] debug-file - There is no need to refresh cache, since the incremental task entry:default@ProcessResource is up-to-date.
[2026-01-02T19:46:43.756] [DEBUG] debug-file - There is no need to refresh cache, since the incremental task entry:default@GenerateLoaderJson is up-to-date.
[2026-01-02T19:46:43.756] [DEBUG] debug-file - There is no need to refresh cache, since the incremental task entry:default@ProcessLibs is up-to-date.
[2026-01-02T19:46:43.756] [DEBUG] debug-file - There is no need to refresh cache, since the incremental task entry:default@CompileResource is up-to-date.
[2026-01-02T19:46:43.756] [DEBUG] debug-file - There is no need to refresh cache, since the incremental task entry:default@DoNativeStrip is up-to-date.
[2026-01-02T19:46:43.759] [DEBUG] debug-file - Update task entry:default@CompileArkTS input file:D:\OpenHarmony\DevEcoProject\WaterFlow\entry\build\default\intermediates\loader\default cache by regenerate.
[2026-01-02T19:46:43.760] [DEBUG] debug-file - Update task entry:default@CompileArkTS input file:D:\OpenHarmony\DevEcoProject\WaterFlow\entry\build\default\intermediates\res\default\resources\rawfile cache by regenerate.
[2026-01-02T19:46:43.761] [DEBUG] debug-file - Update task entry:default@CompileArkTS input file:D:\OpenHarmony\DevEcoProject\WaterFlow\entry\build\default\intermediates\res\default\ResourceTable.txt cache by regenerate.
[2026-01-02T19:46:43.762] [DEBUG] debug-file - Update task entry:default@CompileArkTS input file:D:\OpenHarmony\DevEcoProject\WaterFlow\entry\build\default\intermediates\res\default\ark_module.json cache by regenerate.
[2026-01-02T19:46:43.763] [DEBUG] debug-file - Update task entry:default@CompileArkTS input file:D:\OpenHarmony\DevEcoProject\WaterFlow\entry\build\default\intermediates\res\default\resources\base\profile cache by regenerate.
[2026-01-02T19:46:43.764] [DEBUG] debug-file - Update task entry:default@CompileArkTS input file:D:\OpenHarmony\DevEcoProject\WaterFlow\entry\src\main\ets cache from map.
[2026-01-02T19:46:43.764] [DEBUG] debug-file - Update task entry:default@CompileArkTS input file:D:\OpenHarmony\DevEcoProject\WaterFlow\entry\build\default\generated\profile\default\BuildProfile.ets cache by regenerate.
[2026-01-02T19:46:43.765] [DEBUG] debug-file - Update task entry:default@CompileArkTS output file:D:\OpenHarmony\DevEcoProject\WaterFlow\entry\build\default\intermediates\loader_out\default\ets cache.
[2026-01-02T19:46:43.767] [DEBUG] debug-file - Incremental task entry:default@CompileArkTS post-execution cost:11 ms .
[2026-01-02T19:46:43.773] [DEBUG] debug-file - Update task entry:default@BuildJS input file:D:\OpenHarmony\DevEcoProject\WaterFlow\entry\build\default\intermediates\loader\default cache by regenerate.
[2026-01-02T19:46:43.774] [DEBUG] debug-file - Update task entry:default@BuildJS input file:D:\OpenHarmony\DevEcoProject\WaterFlow\entry\build\default\intermediates\res\default\resources\rawfile cache by regenerate.
[2026-01-02T19:46:43.775] [DEBUG] debug-file - Update task entry:default@BuildJS input file:D:\OpenHarmony\DevEcoProject\WaterFlow\entry\build\default\intermediates\res\default\ResourceTable.txt cache by regenerate.
[2026-01-02T19:46:43.776] [DEBUG] debug-file - Update task entry:default@BuildJS input file:D:\OpenHarmony\DevEcoProject\WaterFlow\entry\build\default\intermediates\res\default\ark_module.json cache by regenerate.
[2026-01-02T19:46:43.776] [DEBUG] debug-file - Update task entry:default@BuildJS input file:D:\OpenHarmony\DevEcoProject\WaterFlow\entry\build\default\intermediates\res\default\resources\base\profile cache by regenerate.
[2026-01-02T19:46:43.777] [DEBUG] debug-file - Update task entry:default@BuildJS output file:D:\OpenHarmony\DevEcoProject\WaterFlow\entry\build\default\intermediates\loader_out\default\js cache.
[2026-01-02T19:46:43.778] [DEBUG] debug-file - Incremental task entry:default@BuildJS post-execution cost:11 ms .
[2026-01-02T19:46:43.778] [DEBUG] debug-file - There is no need to refresh cache, since the incremental task entry:default@CacheNativeLibs is up-to-date.
[2026-01-02T19:46:43.778] [DEBUG] debug-file - There is no need to refresh cache, since the incremental task entry:default@GeneratePkgModuleJson is up-to-date.
[2026-01-02T19:46:43.778] [DEBUG] debug-file - Incremental task entry:default@ProcessCompiledResources post-execution cost:1 ms .
[2026-01-02T19:46:43.780] [DEBUG] debug-file - Update task entry:default@PackageHap input file:D:\OpenHarmony\DevEcoProject\WaterFlow\entry\build\default\intermediates\stripped_native_libs\default cache by regenerate.
[2026-01-02T19:46:43.781] [DEBUG] debug-file - Update task entry:default@PackageHap input file:D:\OpenHarmony\DevEcoProject\WaterFlow\entry\build\default\intermediates\res\default\module.json cache by regenerate.
[2026-01-02T19:46:43.782] [DEBUG] debug-file - Update task entry:default@PackageHap input file:D:\OpenHarmony\DevEcoProject\WaterFlow\entry\build\default\intermediates\res\default\resources cache by regenerate.
[2026-01-02T19:46:43.792] [DEBUG] debug-file - Update task entry:default@PackageHap input file:D:\OpenHarmony\DevEcoProject\WaterFlow\entry\build\default\intermediates\res\default\resources.index cache by regenerate.
[2026-01-02T19:46:43.793] [DEBUG] debug-file - Update task entry:default@PackageHap input file:D:\OpenHarmony\DevEcoProject\WaterFlow\entry\build\default\outputs\default\pack.info cache by regenerate.
[2026-01-02T19:46:43.793] [DEBUG] debug-file - Update task entry:default@PackageHap input file:D:\OpenHarmony\DevEcoProject\WaterFlow\entry\build\default\intermediates\loader_out\default\ets cache from map.
[2026-01-02T19:46:43.793] [DEBUG] debug-file - Update task entry:default@PackageHap input file:D:\OpenHarmony\DevEcoProject\WaterFlow\entry\build\default\intermediates\loader_out\default\ets\sourceMaps.map cache by regenerate.
[2026-01-02T19:46:43.795] [DEBUG] debug-file - Update task entry:default@PackageHap input file:D:\OpenHarmony\DevEcoProject\WaterFlow\entry\build\default\generated\profile\default\BuildProfile.ets cache by regenerate.
[2026-01-02T19:46:43.795] [DEBUG] debug-file - Update task entry:default@PackageHap output file:D:\OpenHarmony\DevEcoProject\WaterFlow\entry\build\default\outputs\default\entry-default-unsigned.hap cache.
[2026-01-02T19:46:43.796] [DEBUG] debug-file - Update task entry:default@PackageHap output file:D:\OpenHarmony\DevEcoProject\WaterFlow\entry\build\default\intermediates\source_map\default\sourceMaps.map cache.
[2026-01-02T19:46:43.797] [DEBUG] debug-file - Update task entry:default@PackageHap output file:D:\OpenHarmony\DevEcoProject\WaterFlow\entry\build\default\outputs\default\mapping\sourceMaps.map cache.
[2026-01-02T19:46:43.797] [DEBUG] debug-file - Incremental task entry:default@PackageHap post-execution cost:19 ms .
[2026-01-02T19:46:43.798] [DEBUG] debug-file - Update task entry:default@SignHap input file:D:\OpenHarmony\DevEcoProject\WaterFlow\entry\build\default\outputs\default\entry-default-unsigned.hap cache from map.
[2026-01-02T19:46:43.798] [DEBUG] debug-file - Update task entry:default@SignHap output file:D:\OpenHarmony\DevEcoProject\WaterFlow\entry\build\default\outputs\default\entry-default-signed.hap cache.
[2026-01-02T19:46:43.798] [DEBUG] debug-file - Incremental task entry:default@SignHap post-execution cost:1 ms .
[2026-01-02T19:46:43.800] [DEBUG] debug-file - Update task entry:default@CollectDebugSymbol input file:D:\OpenHarmony\DevEcoProject\WaterFlow\entry\build\default\intermediates\loader_out\default\ets\sourceMaps.map cache by regenerate.
[2026-01-02T19:46:43.801] [DEBUG] debug-file - Update task entry:default@CollectDebugSymbol input file:D:\OpenHarmony\DevEcoProject\WaterFlow\entry\build\default\intermediates\libs\default cache by regenerate.
[2026-01-02T19:46:43.801] [DEBUG] debug-file - Update task entry:default@CollectDebugSymbol output file:D:\OpenHarmony\DevEcoProject\WaterFlow\entry\build\default\outputs\default\symbol cache.
[2026-01-02T19:46:43.802] [DEBUG] debug-file - Incremental task entry:default@CollectDebugSymbol post-execution cost:4 ms .
[2026-01-02T19:46:43.845] [DEBUG] debug-file - Cleanup worker 30.
[2026-01-02T19:46:43.845] [DEBUG] debug-file - Worker 30 has been cleaned up.
[2026-01-02T19:46:43.845] [DEBUG] debug-file - Current idle worker size: 1.
[2026-01-02T19:46:43.845] [DEBUG] debug-file - Current resident worker size: 2.
[2026-01-02T19:46:43.846] [DEBUG] debug-file - hvigor build process will be closed.
[2026-01-02T19:46:43.846] [DEBUG] debug-file - java daemon socket close code:1000 reason:close by user
[2026-01-02T19:46:43.860] [DEBUG] debug-file - session manager: send message to worker process.
[2026-01-02T19:46:43.861] [DEBUG] debug-file - session manager: send message to worker process.
[2026-01-02T19:46:43.858] [DEBUG] debug-file - worker[30] exits with exit code 1.
[2026-01-02T19:46:43.861] [DEBUG] debug-file - watch worker: worker id should be larger than 0. Nothing will be sent to any worker thread.
[2026-01-02T19:46:43.863] [DEBUG] debug-file - watch worker: worker id should be larger than 0. Nothing will be sent to any worker thread.
[2026-01-02T19:47:00.582] [DEBUG] debug-file - session manager: set active socket. socketId=2OpjquujCZde1fehAAAb
[2026-01-02T19:47:00.605] [DEBUG] debug-file - watch worker: worker id should be larger than 0. Nothing will be sent to any worker thread.
[2026-01-02T19:47:00.612] [DEBUG] debug-file - Hvigor init with startParameters:{
  hvigorfileTypeCheck: false,
  parallelExecution: true,
  incrementalExecution: true,
  printStackTrace: false,
  daemon: true,
  analyze: 0,
  logLevel: Level { level: 20000, levelStr: 'INFO', colour: 'green' },
  optimizationStrategy: 'memory',
  hotCompile: undefined,
  hotReloadBuild: undefined
}
[2026-01-02T19:47:00.615] [DEBUG] debug-file - Cache service initialization finished in 4 ms 
[2026-01-02T19:47:00.618] [DEBUG] debug-file - hvigorfile, resolving D:\OpenHarmony\DevEcoProject\WaterFlow\hvigorfile.ts
[2026-01-02T19:47:00.625] [DEBUG] debug-file - hvigorfile, require result:  {}
[2026-01-02T19:47:00.625] [DEBUG] debug-file - hvigorfile, binding system plugins {}
[2026-01-02T19:47:00.634] [DEBUG] debug-file - Start initialize project's product build option map with build mode debug.
[2026-01-02T19:47:00.634] [DEBUG] debug-file - Picking option from product 'default' with build mode 'debug'.
[2026-01-02T19:47:00.634] [DEBUG] debug-file - Product 'default' build option initialized
[2026-01-02T19:47:00.635] [DEBUG] debug-file - End initialize project's product build option map with build mode 'debug'.
[2026-01-02T19:47:00.635] [DEBUG] debug-file - Obtain build option for product 'default'in this build.
[2026-01-02T19:47:00.637] [DEBUG] debug-file - No signingConfig found, initRemoteHspCache failed.
[2026-01-02T19:47:00.641] [DEBUG] debug-file - Start recording SDK configuration permission data.
[2026-01-02T19:47:00.672] [DEBUG] debug-file - Sdk init in 35 ms 
[2026-01-02T19:47:00.675] [DEBUG] debug-file - Project task initialization takes 3 ms 
[2026-01-02T19:47:00.675] [DEBUG] debug-file - hvigorfile, resolve finished D:\OpenHarmony\DevEcoProject\WaterFlow\hvigorfile.ts
[2026-01-02T19:47:00.676] [DEBUG] debug-file - hvigorfile, resolving D:\OpenHarmony\DevEcoProject\WaterFlow\entry\hvigorfile.ts
[2026-01-02T19:47:00.679] [DEBUG] debug-file - hvigorfile, require result:  {}
[2026-01-02T19:47:00.679] [DEBUG] debug-file - hvigorfile, binding system plugins {}
[2026-01-02T19:47:00.680] [DEBUG] debug-file - failed to load cangjie to dynamically generate schemas: Error: Cannot find module '@ohos/cangjie-build-support/index'
Require stack:
- D:\OpenHarmony\DevEco Studio\tools\hvigor\hvigor-ohos-plugin\src\plugin\factory\plugin-factory.js
- D:\OpenHarmony\DevEco Studio\tools\hvigor\hvigor-ohos-plugin\index.js
- D:\OpenHarmony\DevEcoProject\WaterFlow\hvigorfile.ts
- D:\OpenHarmony\DevEco Studio\tools\hvigor\hvigor\src\base\internal\lifecycle\configuration.js
- D:\OpenHarmony\DevEco Studio\tools\hvigor\hvigor\src\base\boot\index.js
- D:\OpenHarmony\DevEco Studio\tools\hvigor\hvigor\src\base\daemon\cluster\worker-process-lifecycle.js
- D:\OpenHarmony\DevEco Studio\tools\hvigor\hvigor\src\base\daemon\process\daemon-process-boot-script.js
[2026-01-02T19:47:00.682] [DEBUG] debug-file - Start initialize module-target build option map, moduleName=entry, buildMode=release
[2026-01-02T19:47:00.682] [DEBUG] debug-file - Target 'default' config initialized
[2026-01-02T19:47:00.683] [DEBUG] debug-file - Module 'entry' target 'default' build option initialized
[2026-01-02T19:47:00.683] [DEBUG] debug-file - End initialize module-target build option map, moduleName=entry
[2026-01-02T19:47:00.683] [DEBUG] debug-file - Start initialize module-target build option map, moduleName=entry, buildMode=debug
[2026-01-02T19:47:00.683] [DEBUG] debug-file - Target 'default' config initialized
[2026-01-02T19:47:00.683] [DEBUG] debug-file - Module 'entry' target 'default' build option initialized
[2026-01-02T19:47:00.683] [DEBUG] debug-file - End initialize module-target build option map, moduleName=entry
[2026-01-02T19:47:00.683] [DEBUG] debug-file - Start initialize module-target build option map, moduleName=entry, buildMode=debug
[2026-01-02T19:47:00.683] [DEBUG] debug-file - Target 'default' config initialized
[2026-01-02T19:47:00.683] [DEBUG] debug-file - Module 'entry' target 'default' build option initialized
[2026-01-02T19:47:00.683] [DEBUG] debug-file - End initialize module-target build option map, moduleName=entry
[2026-01-02T19:47:00.683] [DEBUG] debug-file - Obtain build option for module 'entry' target 'default'in this build.
[2026-01-02T19:47:00.685] [DEBUG] debug-file - Module entry task initialization takes 2 ms 
[2026-01-02T19:47:00.685] [DEBUG] debug-file - hvigorfile, resolve finished D:\OpenHarmony\DevEcoProject\WaterFlow\entry\hvigorfile.ts
[2026-01-02T19:47:00.702] [DEBUG] debug-file - hvigorfile, resolve hvigorfile dependencies in 17 ms 
[2026-01-02T19:47:00.702] [DEBUG] debug-file - project has submodules:entry
[2026-01-02T19:47:00.703] [DEBUG] debug-file - start to load updatedOhPackageInfo to the disk
[2026-01-02T19:47:00.709] [DEBUG] debug-file - load to the disk finished
[2026-01-02T19:47:00.710] [DEBUG] debug-file - Start to initialize dependency information.
[2026-01-02T19:47:00.711] [DEBUG] debug-file - Module WaterFlow Collected Dependency: 
[2026-01-02T19:47:00.711] [DEBUG] debug-file - Module WaterFlow's total dependency: 0
[2026-01-02T19:47:00.712] [DEBUG] debug-file - Start to initialize dependency information.
[2026-01-02T19:47:00.714] [DEBUG] debug-file - Module entry Collected Dependency: 
[2026-01-02T19:47:00.715] [DEBUG] debug-file - Module entry's total dependency: 0
[2026-01-02T19:47:00.717] [DEBUG] debug-file - Configuration phase cost:102 ms 
[2026-01-02T19:47:00.718] [DEBUG] debug-file - Configuration task cost before running: 110 ms 
[2026-01-02T19:47:00.720] [DEBUG] debug-file - Executing task :entry:default@ColdReloadArkTS
[2026-01-02T19:47:00.720] [DEBUG] debug-file - obfuscationOptions: undefined
[2026-01-02T19:47:00.735] [DEBUG] debug-file - coldReload build config: [object Object]
[2026-01-02T19:47:00.737] [DEBUG] debug-file - default@ColdReloadArkTS work[26] is submitted.
[2026-01-02T19:47:00.737] [DEBUG] debug-file - default@ColdReloadArkTS work[26] is pushed to ready queue.
[2026-01-02T19:47:00.737] [DEBUG] debug-file - A work dispatched to worker[31] failed because unable to get work from ready queue.
[2026-01-02T19:47:00.737] [DEBUG] debug-file - A work dispatched to worker[30] failed because unable to get work from ready queue.
[2026-01-02T19:47:00.737] [DEBUG] debug-file - A work dispatched to worker[29] failed because unable to get work from ready queue.
[2026-01-02T19:47:00.737] [DEBUG] debug-file - A work dispatched to worker[28] failed because unable to get work from ready queue.
[2026-01-02T19:47:00.737] [DEBUG] debug-file - A work dispatched to worker[27] failed because unable to get work from ready queue.
[2026-01-02T19:47:00.737] [DEBUG] debug-file - A work dispatched to worker[26] failed because unable to get work from ready queue.
[2026-01-02T19:47:00.737] [DEBUG] debug-file - A work dispatched to worker[25] failed because unable to get work from ready queue.
[2026-01-02T19:47:00.737] [DEBUG] debug-file - A work dispatched to worker[24] failed because unable to get work from ready queue.
[2026-01-02T19:47:00.737] [DEBUG] debug-file - A work dispatched to worker[23] failed because unable to get work from ready queue.
[2026-01-02T19:47:00.737] [DEBUG] debug-file - A work dispatched to worker[22] failed because unable to get work from ready queue.
[2026-01-02T19:47:00.737] [DEBUG] debug-file - A work dispatched to worker[21] failed because unable to get work from ready queue.
[2026-01-02T19:47:00.738] [DEBUG] debug-file - A work dispatched to worker[20] failed because unable to get work from ready queue.
[2026-01-02T19:47:00.738] [DEBUG] debug-file - A work dispatched to worker[19] failed because unable to get work from ready queue.
[2026-01-02T19:47:00.738] [DEBUG] debug-file - A work dispatched to worker[18] failed because unable to get work from ready queue.
[2026-01-02T19:47:00.738] [DEBUG] debug-file - A work dispatched to worker[17] failed because unable to get work from ready queue.
[2026-01-02T19:47:00.738] [DEBUG] debug-file - A work dispatched to worker[16] failed because unable to get work from ready queue.
[2026-01-02T19:47:00.738] [DEBUG] debug-file - A work dispatched to worker[15] failed because unable to get work from ready queue.
[2026-01-02T19:47:00.738] [DEBUG] debug-file - A work dispatched to worker[14] failed because unable to get work from ready queue.
[2026-01-02T19:47:00.738] [DEBUG] debug-file - A work dispatched to worker[13] failed because unable to get work from ready queue.
[2026-01-02T19:47:00.738] [DEBUG] debug-file - A work dispatched to worker[12] failed because unable to get work from ready queue.
[2026-01-02T19:47:00.738] [DEBUG] debug-file - A work dispatched to worker[11] failed because unable to get work from ready queue.
[2026-01-02T19:47:00.738] [DEBUG] debug-file - A work dispatched to worker[10] failed because unable to get work from ready queue.
[2026-01-02T19:47:00.738] [DEBUG] debug-file - A work dispatched to worker[9] failed because unable to get work from ready queue.
[2026-01-02T19:47:00.738] [DEBUG] debug-file - A work dispatched to worker[8] failed because unable to get work from ready queue.
[2026-01-02T19:47:00.738] [DEBUG] debug-file - A work dispatched to worker[7] failed because unable to get work from ready queue.
[2026-01-02T19:47:00.738] [DEBUG] debug-file - A work dispatched to worker[6] failed because unable to get work from ready queue.
[2026-01-02T19:47:00.738] [DEBUG] debug-file - A work dispatched to worker[5] failed because unable to get work from ready queue.
[2026-01-02T19:47:00.739] [DEBUG] debug-file - default@ColdReloadArkTS work[26] has been dispatched to worker[4].
[2026-01-02T19:47:00.739] [DEBUG] debug-file - default@ColdReloadArkTS work[26] is dispatched.
[2026-01-02T19:47:00.739] [DEBUG] debug-file - CopyResources startTime: 30138443294700
[2026-01-02T19:47:00.739] [DEBUG] debug-file - default@ColdReloadArkTS work[27] is submitted.
[2026-01-02T19:47:00.739] [DEBUG] debug-file - default@ColdReloadArkTS work[27] is pushed to ready queue.
[2026-01-02T19:47:00.739] [DEBUG] debug-file - A work dispatched to worker[31] failed because unable to get work from ready queue.
[2026-01-02T19:47:00.739] [DEBUG] debug-file - Create  resident worker with id: 30.
[2026-01-02T19:47:00.740] [DEBUG] debug-file - default@ColdReloadArkTS work[27] has been dispatched to worker[30].
[2026-01-02T19:47:00.740] [DEBUG] debug-file - default@ColdReloadArkTS work[27] is dispatched.
[2026-01-02T19:47:00.740] [DEBUG] debug-file - entry : default@ColdReloadArkTS cost memory 0.0193328857421875
[2026-01-02T19:47:00.744] [DEBUG] debug-file - Executing task :entry:default@PreBuild
[2026-01-02T19:47:00.744] [DEBUG] debug-file - Task 'entry:default@PreBuild' cost while wrapping incremental declarations: 1 ms 
[2026-01-02T19:47:00.752] [DEBUG] debug-file - Incremental task entry:default@PreBuild pre-execution cost: 6 ms .
[2026-01-02T19:47:00.752] [DEBUG] debug-file - entry : default@PreBuild cost memory 0.292022705078125
[2026-01-02T19:47:00.755] [INFO] debug-file - UP-TO-DATE :entry:default@PreBuild...  
[2026-01-02T19:47:00.756] [DEBUG] debug-file - Executing task :entry:default@ConfigureCmake
[2026-01-02T19:47:00.756] [DEBUG] debug-file - entry : default@ConfigureCmake cost memory 0.01549530029296875
[2026-01-02T19:47:00.756] [DEBUG] debug-file - runTaskFromQueue task cost before running: 149 ms 
[2026-01-02T19:47:00.756] [INFO] debug-file - Finished :entry:default@ConfigureCmake... after 1 ms 
[2026-01-02T19:47:00.758] [DEBUG] debug-file - Executing task :entry:default@BuildNativeWithCmake
[2026-01-02T19:47:00.758] [DEBUG] debug-file - entry : default@BuildNativeWithCmake cost memory 0.01665496826171875
[2026-01-02T19:47:00.758] [DEBUG] debug-file - runTaskFromQueue task cost before running: 151 ms 
[2026-01-02T19:47:00.758] [INFO] debug-file - Finished :entry:default@BuildNativeWithCmake... after 1 ms 
[2026-01-02T19:47:00.759] [DEBUG] debug-file - Executing task :entry:default@BuildNativeWithNinja
[2026-01-02T19:47:00.760] [DEBUG] debug-file - entry : default@BuildNativeWithNinja cost memory 0.02295684814453125
[2026-01-02T19:47:00.760] [DEBUG] debug-file - runTaskFromQueue task cost before running: 152 ms 
[2026-01-02T19:47:00.760] [INFO] debug-file - Finished :entry:default@BuildNativeWithNinja... after 1 ms 
[2026-01-02T19:47:00.761] [DEBUG] debug-file - Executing task :entry:default@ProcessLibs
[2026-01-02T19:47:00.764] [DEBUG] debug-file - Incremental task entry:default@ProcessLibs pre-execution cost: 2 ms .
[2026-01-02T19:47:00.764] [DEBUG] debug-file - entry : default@ProcessLibs cost memory 0.10347747802734375
[2026-01-02T19:47:00.764] [INFO] debug-file - UP-TO-DATE :entry:default@ProcessLibs...  
[2026-01-02T19:47:00.766] [DEBUG] debug-file - Executing task :entry:default@DoNativeStrip
[2026-01-02T19:47:00.766] [DEBUG] debug-file - Task 'entry:default@DoNativeStrip' cost while wrapping incremental declarations: 1 ms 
[2026-01-02T19:47:00.767] [DEBUG] debug-file - Incremental task entry:default@DoNativeStrip pre-execution cost: 1 ms .
[2026-01-02T19:47:00.767] [DEBUG] debug-file - entry : default@DoNativeStrip cost memory 0.08017730712890625
[2026-01-02T19:47:00.767] [INFO] debug-file - UP-TO-DATE :entry:default@DoNativeStrip...  
[2026-01-02T19:47:01.469] [DEBUG] debug-file - worker[4] has one work done.
[2026-01-02T19:47:01.469] [DEBUG] debug-file - default@ColdReloadArkTS work[26] done.
[2026-01-02T19:47:01.470] [DEBUG] debug-file - A work dispatched to worker[4] failed because unable to get work from ready queue.
[2026-01-02T19:47:01.766] [DEBUG] debug-file - worker[30] has one work done.
[2026-01-02T19:47:01.766] [DEBUG] debug-file - CopyResources is end, endTime: 30139470816000
[2026-01-02T19:47:01.766] [DEBUG] debug-file - default@ColdReloadArkTS work[27] done.
[2026-01-02T19:47:01.766] [DEBUG] debug-file - A work dispatched to worker[30] failed because unable to get work from ready queue.
[2026-01-02T19:47:01.769] [INFO] debug-file - Finished :entry:default@ColdReloadArkTS... after 762 ms 
[2026-01-02T19:47:01.771] [DEBUG] debug-file - Executing task :entry:default@PrepareQuickfix
[2026-01-02T19:47:01.805] [DEBUG] debug-file - Prepare c***w quickfix with patch versionCode 3000000.
[2026-01-02T19:47:01.805] [DEBUG] debug-file - entry : default@PrepareQuickfix cost memory 0.4028778076171875
[2026-01-02T19:47:01.805] [DEBUG] debug-file - runTaskFromQueue task cost before running: 1 s 198 ms 
[2026-01-02T19:47:01.805] [INFO] debug-file - Finished :entry:default@PrepareQuickfix... after 35 ms 
[2026-01-02T19:47:01.807] [DEBUG] debug-file - Executing task :entry:default@PackageHqf
[2026-01-02T19:47:01.809] [DEBUG] debug-file - current process  memoryUsage: {
  rss: 450600960,
  heapTotal: 126799872,
  heapUsed: 114012120,
  external: 3132767,
  arrayBuffers: 106970
} os memoryUsage :15.031875610351562
[2026-01-02T19:47:02.425] [DEBUG] debug-file - entry : default@PackageHqf cost memory 0.25287628173828125
[2026-01-02T19:47:02.425] [DEBUG] debug-file - runTaskFromQueue task cost before running: 1 s 818 ms 
[2026-01-02T19:47:02.425] [INFO] debug-file - Finished :entry:default@PackageHqf... after 619 ms 
[2026-01-02T19:47:02.427] [DEBUG] debug-file - Executing task :entry:default@SignHqf
[2026-01-02T19:47:02.427] [DEBUG] debug-file - entry : default@SignHqf cost memory 0.07875823974609375
[2026-01-02T19:47:02.427] [DEBUG] debug-file - runTaskFromQueue task cost before running: 1 s 820 ms 
[2026-01-02T19:47:02.427] [INFO] debug-file - Finished :entry:default@SignHqf... after 1 ms 
[2026-01-02T19:47:02.428] [DEBUG] debug-file - Executing task :entry:assembleDevHqf
[2026-01-02T19:47:02.429] [DEBUG] debug-file - entry : assembleDevHqf cost memory 0.0271759033203125
[2026-01-02T19:47:02.429] [DEBUG] debug-file - runTaskFromQueue task cost before running: 1 s 821 ms 
[2026-01-02T19:47:02.429] [INFO] debug-file - Finished :entry:assembleDevHqf... after 2 ms 
[2026-01-02T19:47:02.437] [INFO] debug-file - BUILD SUCCESSFUL in 1 s 829 ms 
[2026-01-02T19:47:02.438] [DEBUG] debug-file - Update task entry:default@ColdReloadArkTS input file:D:\OpenHarmony\DevEcoProject\WaterFlow\entry\build\default\intermediates\loader\default cache by regenerate.
[2026-01-02T19:47:02.439] [DEBUG] debug-file - Update task entry:default@ColdReloadArkTS input file:D:\OpenHarmony\DevEcoProject\WaterFlow\entry\build\default\intermediates\res\default\resources\rawfile cache by regenerate.
[2026-01-02T19:47:02.439] [DEBUG] debug-file - Update task entry:default@ColdReloadArkTS input file:D:\OpenHarmony\DevEcoProject\WaterFlow\entry\build\default\intermediates\res\default\ResourceTable.txt cache by regenerate.
[2026-01-02T19:47:02.439] [DEBUG] debug-file - Update task entry:default@ColdReloadArkTS input file:D:\OpenHarmony\DevEcoProject\WaterFlow\entry\build\default\intermediates\res\default\ark_module.json cache by regenerate.
[2026-01-02T19:47:02.440] [DEBUG] debug-file - Update task entry:default@ColdReloadArkTS input file:D:\OpenHarmony\DevEcoProject\WaterFlow\entry\build\default\intermediates\res\default\resources\base\profile cache by regenerate.
[2026-01-02T19:47:02.440] [DEBUG] debug-file - Update task entry:default@ColdReloadArkTS input file:D:\OpenHarmony\DevEcoProject\WaterFlow\entry\src\main\ets cache by regenerate.
[2026-01-02T19:47:02.444] [DEBUG] debug-file - Update task entry:default@ColdReloadArkTS input file:D:\OpenHarmony\DevEcoProject\WaterFlow\entry\build\default\generated\profile\default\BuildProfile.ets cache by regenerate.
[2026-01-02T19:47:02.444] [DEBUG] debug-file - Update task entry:default@ColdReloadArkTS output file:D:\OpenHarmony\DevEcoProject\WaterFlow\entry\build\default\intermediates\loader_out\default\ets cache.
[2026-01-02T19:47:02.445] [DEBUG] debug-file - Incremental task entry:default@ColdReloadArkTS post-execution cost:8 ms .
[2026-01-02T19:47:02.445] [DEBUG] debug-file - There is no need to refresh cache, since the incremental task entry:default@PreBuild is up-to-date.
[2026-01-02T19:47:02.445] [DEBUG] debug-file - There is no need to refresh cache, since the incremental task entry:default@ProcessLibs is up-to-date.
[2026-01-02T19:47:02.445] [DEBUG] debug-file - There is no need to refresh cache, since the incremental task entry:default@DoNativeStrip is up-to-date.
[2026-01-02T19:47:02.462] [DEBUG] debug-file - Cleanup worker 30.
[2026-01-02T19:47:02.462] [DEBUG] debug-file - Worker 30 has been cleaned up.
[2026-01-02T19:47:02.462] [DEBUG] debug-file - Current idle worker size: 1.
[2026-01-02T19:47:02.462] [DEBUG] debug-file - Current resident worker size: 2.
[2026-01-02T19:47:02.462] [DEBUG] debug-file - hvigor build process will be closed.
[2026-01-02T19:47:02.469] [DEBUG] debug-file - worker[30] exits with exit code 1.
[2026-01-02T19:47:02.672] [DEBUG] debug-file - session manager: send message to worker process.
[2026-01-02T19:47:02.673] [DEBUG] debug-file - session manager: send message to worker process.
[2026-01-02T19:47:02.673] [DEBUG] debug-file - watch worker: worker id should be larger than 0. Nothing will be sent to any worker thread.
[2026-01-02T19:47:02.674] [DEBUG] debug-file - watch worker: worker id should be larger than 0. Nothing will be sent to any worker thread.
